
ROM used:   52/8192 (1%)
            52/8192 (1%) including unused fragments

            0.1 Average locations per line
            2.1 Average locations per statement

RAM used:   5/368 (1%) at main() level
            5/368 (1%) worst case

Stack used: 0 worst case (0 in main + 0 for interrupts)
Stack size: 8

Lines Stmts  %   Files
----- ----- ---  -----
   61    25 100  Pic16f877 ve L298N Ýle DC Motor Sürme.c
  629     0   0  ..\..\..\..\..\Program Files (x86)\PICC\Devices\16f877.h
----- -----
  690    25 Total

Page ROM  %  RAM   Vol Diff  Functions:
---- --- --- ---   --- ----  ----------
0     48  92    0   545  2.9  main
 Inline         0             @cinit1

Program metrics:
    Functions               1
    Statements              25
    Comments                102
    Volume (V)              547
    Difficulty (D)          2.8
    Effort to implement (E) 1535
    Time to implement (T)   1 minutes
    Est Delivered Bugs (B)  0
    Cyclomatic Complexity   3
    Maintainability (MI)    88

 Segment     Used  Free
-----------  ----  ----
00000-00003     4  0  
00004-007FF    48  1996  
00800-00FFF     0  2048  
01000-017FF     0  2048  
01800-01FFF     0  2048  



